01:42:20 **** Incremental Build of configuration debug for project gpio_example_frdmk22f ****
make -k all 
make: Nothing to be done for 'all'.
02:20:33 **** Build of configuration Debug for project speakez-try2 ****
make all 
Building file: ../Sources/Events.c
Invoking: Cross ARM C Compiler
arm-none-eabi-gcc -mcpu=cortex-m4 -mthumb -O0 -fmessage-length=0 -fsigned-char -ffunction-sections -fdata-sections  -g3 -I"C:/Users/lycarter/Documents/MIT/speakez/KDS/speakez-try2/Static_Code/PDD" -I"C:/Users/lycarter/Documents/MIT/speakez/KDS/speakez-try2/Static_Code/IO_Map" -I"C:/Users/lycarter/Documents/MIT/speakez/KDS/speakez-try2/Sources" -I"C:/Users/lycarter/Documents/MIT/speakez/KDS/speakez-try2/Generated_Code" -std=c99 -MMD -MP -MF"Sources/Events.d" -MT"Sources/Events.o" -c -o "Sources/Events.o" "../Sources/Events.c"
Finished building: ../Sources/Events.c
 
Building file: ../Sources/main.c
Invoking: Cross ARM C Compiler
arm-none-eabi-gcc -mcpu=cortex-m4 -mthumb -O0 -fmessage-length=0 -fsigned-char -ffunction-sections -fdata-sections  -g3 -I"C:/Users/lycarter/Documents/MIT/speakez/KDS/speakez-try2/Static_Code/PDD" -I"C:/Users/lycarter/Documents/MIT/speakez/KDS/speakez-try2/Static_Code/IO_Map" -I"C:/Users/lycarter/Documents/MIT/speakez/KDS/speakez-try2/Sources" -I"C:/Users/lycarter/Documents/MIT/speakez/KDS/speakez-try2/Generated_Code" -std=c99 -MMD -MP -MF"Sources/main.d" -MT"Sources/main.o" -c -o "Sources/main.o" "../Sources/main.c"
Finished building: ../Sources/main.c
 
Building file: ../Project_Settings/Startup_Code/startup.c
Invoking: Cross ARM C Compiler
arm-none-eabi-gcc -mcpu=cortex-m4 -mthumb -O0 -fmessage-length=0 -fsigned-char -ffunction-sections -fdata-sections  -g3 -I"C:/Users/lycarter/Documents/MIT/speakez/KDS/speakez-try2/Static_Code/PDD" -I"C:/Users/lycarter/Documents/MIT/speakez/KDS/speakez-try2/Static_Code/IO_Map" -I"C:/Users/lycarter/Documents/MIT/speakez/KDS/speakez-try2/Sources" -I"C:/Users/lycarter/Documents/MIT/speakez/KDS/speakez-try2/Generated_Code" -std=c99 -MMD -MP -MF"Project_Settings/Startup_Code/startup.d" -MT"Project_Settings/Startup_Code/startup.o" -c -o "Project_Settings/Startup_Code/startup.o" "../Project_Settings/Startup_Code/startup.c"
Finished building: ../Project_Settings/Startup_Code/startup.c
 
Building file: ../Generated_Code/Cpu.c
Invoking: Cross ARM C Compiler
arm-none-eabi-gcc -mcpu=cortex-m4 -mthumb -O0 -fmessage-length=0 -fsigned-char -ffunction-sections -fdata-sections  -g3 -I"C:/Users/lycarter/Documents/MIT/speakez/KDS/speakez-try2/Static_Code/PDD" -I"C:/Users/lycarter/Documents/MIT/speakez/KDS/speakez-try2/Static_Code/IO_Map" -I"C:/Users/lycarter/Documents/MIT/speakez/KDS/speakez-try2/Sources" -I"C:/Users/lycarter/Documents/MIT/speakez/KDS/speakez-try2/Generated_Code" -std=c99 -MMD -MP -MF"Generated_Code/Cpu.d" -MT"Generated_Code/Cpu.o" -c -o "Generated_Code/Cpu.o" "../Generated_Code/Cpu.c"
Finished building: ../Generated_Code/Cpu.c
 
Building file: ../Generated_Code/PE_LDD.c
Invoking: Cross ARM C Compiler
arm-none-eabi-gcc -mcpu=cortex-m4 -mthumb -O0 -fmessage-length=0 -fsigned-char -ffunction-sections -fdata-sections  -g3 -I"C:/Users/lycarter/Documents/MIT/speakez/KDS/speakez-try2/Static_Code/PDD" -I"C:/Users/lycarter/Documents/MIT/speakez/KDS/speakez-try2/Static_Code/IO_Map" -I"C:/Users/lycarter/Documents/MIT/speakez/KDS/speakez-try2/Sources" -I"C:/Users/lycarter/Documents/MIT/speakez/KDS/speakez-try2/Generated_Code" -std=c99 -MMD -MP -MF"Generated_Code/PE_LDD.d" -MT"Generated_Code/PE_LDD.o" -c -o "Generated_Code/PE_LDD.o" "../Generated_Code/PE_LDD.c"
Finished building: ../Generated_Code/PE_LDD.c
 
Building file: ../Generated_Code/PTC.c
Invoking: Cross ARM C Compiler
arm-none-eabi-gcc -mcpu=cortex-m4 -mthumb -O0 -fmessage-length=0 -fsigned-char -ffunction-sections -fdata-sections  -g3 -I"C:/Users/lycarter/Documents/MIT/speakez/KDS/speakez-try2/Static_Code/PDD" -I"C:/Users/lycarter/Documents/MIT/speakez/KDS/speakez-try2/Static_Code/IO_Map" -I"C:/Users/lycarter/Documents/MIT/speakez/KDS/speakez-try2/Sources" -I"C:/Users/lycarter/Documents/MIT/speakez/KDS/speakez-try2/Generated_Code" -std=c99 -MMD -MP -MF"Generated_Code/PTC.d" -MT"Generated_Code/PTC.o" -c -o "Generated_Code/PTC.o" "../Generated_Code/PTC.c"
Finished building: ../Generated_Code/PTC.c
 
Building file: ../Generated_Code/Vectors.c
Invoking: Cross ARM C Compiler
arm-none-eabi-gcc -mcpu=cortex-m4 -mthumb -O0 -fmessage-length=0 -fsigned-char -ffunction-sections -fdata-sections  -g3 -I"C:/Users/lycarter/Documents/MIT/speakez/KDS/speakez-try2/Static_Code/PDD" -I"C:/Users/lycarter/Documents/MIT/speakez/KDS/speakez-try2/Static_Code/IO_Map" -I"C:/Users/lycarter/Documents/MIT/speakez/KDS/speakez-try2/Sources" -I"C:/Users/lycarter/Documents/MIT/speakez/KDS/speakez-try2/Generated_Code" -std=c99 -MMD -MP -MF"Generated_Code/Vectors.d" -MT"Generated_Code/Vectors.o" -c -o "Generated_Code/Vectors.o" "../Generated_Code/Vectors.c"
Finished building: ../Generated_Code/Vectors.c
 
Building target: speakez-try2.elf
Invoking: Cross ARM C++ Linker
arm-none-eabi-g++ -mcpu=cortex-m4 -mthumb -O0 -fmessage-length=0 -fsigned-char -ffunction-sections -fdata-sections  -g3 -T "C:/Users/lycarter/Documents/MIT/speakez/KDS/speakez-try2/Project_Settings/Linker_Files/ProcessorExpert.ld" -Xlinker --gc-sections -L"C:/Users/lycarter/Documents/MIT/speakez/KDS/speakez-try2/Project_Settings/Linker_Files" -Wl,-Map,"speakez-try2.map" -specs=nano.specs -specs=nosys.specs -o "speakez-try2.elf"  ./Sources/Events.o ./Sources/main.o  ./Project_Settings/Startup_Code/startup.o  ./Generated_Code/Cpu.o ./Generated_Code/PE_LDD.o ./Generated_Code/PTC.o ./Generated_Code/Vectors.o   
Finished building target: speakez-try2.elf
 
02:20:47 **** Incremental Build of configuration Debug for project speakez-try2 ****
make all 
make: Nothing to be done for 'all'.
02:21:11 **** Incremental Build of configuration Debug for project speakez-try2 ****
make all 
make: Nothing to be done for 'all'.
02:35:54 **** Incremental Build of configuration Debug for project speakez-try2 ****
make all 
Building file: ../Sources/Events.c
Invoking: Cross ARM C Compiler
arm-none-eabi-gcc -mcpu=cortex-m4 -mthumb -O0 -fmessage-length=0 -fsigned-char -ffunction-sections -fdata-sections  -g3 -I"C:/Users/lycarter/Documents/MIT/speakez/KDS/speakez-try2/Static_Code/PDD" -I"C:/Users/lycarter/Documents/MIT/speakez/KDS/speakez-try2/Static_Code/IO_Map" -I"C:/Users/lycarter/Documents/MIT/speakez/KDS/speakez-try2/Sources" -I"C:/Users/lycarter/Documents/MIT/speakez/KDS/speakez-try2/Generated_Code" -std=c99 -MMD -MP -MF"Sources/Events.d" -MT"Sources/Events.o" -c -o "Sources/Events.o" "../Sources/Events.c"
Finished building: ../Sources/Events.c
 
Building file: ../Sources/main.c
Invoking: Cross ARM C Compiler
arm-none-eabi-gcc -mcpu=cortex-m4 -mthumb -O0 -fmessage-length=0 -fsigned-char -ffunction-sections -fdata-sections  -g3 -I"C:/Users/lycarter/Documents/MIT/speakez/KDS/speakez-try2/Static_Code/PDD" -I"C:/Users/lycarter/Documents/MIT/speakez/KDS/speakez-try2/Static_Code/IO_Map" -I"C:/Users/lycarter/Documents/MIT/speakez/KDS/speakez-try2/Sources" -I"C:/Users/lycarter/Documents/MIT/speakez/KDS/speakez-try2/Generated_Code" -std=c99 -MMD -MP -MF"Sources/main.d" -MT"Sources/main.o" -c -o "Sources/main.o" "../Sources/main.c"
Finished building: ../Sources/main.c
 
Building file: ../Generated_Code/Cpu.c
Invoking: Cross ARM C Compiler
arm-none-eabi-gcc -mcpu=cortex-m4 -mthumb -O0 -fmessage-length=0 -fsigned-char -ffunction-sections -fdata-sections  -g3 -I"C:/Users/lycarter/Documents/MIT/speakez/KDS/speakez-try2/Static_Code/PDD" -I"C:/Users/lycarter/Documents/MIT/speakez/KDS/speakez-try2/Static_Code/IO_Map" -I"C:/Users/lycarter/Documents/MIT/speakez/KDS/speakez-try2/Sources" -I"C:/Users/lycarter/Documents/MIT/speakez/KDS/speakez-try2/Generated_Code" -std=c99 -MMD -MP -MF"Generated_Code/Cpu.d" -MT"Generated_Code/Cpu.o" -c -o "Generated_Code/Cpu.o" "../Generated_Code/Cpu.c"
Finished building: ../Generated_Code/Cpu.c
 
Building file: ../Generated_Code/PE_LDD.c
Invoking: Cross ARM C Compiler
arm-none-eabi-gcc -mcpu=cortex-m4 -mthumb -O0 -fmessage-length=0 -fsigned-char -ffunction-sections -fdata-sections  -g3 -I"C:/Users/lycarter/Documents/MIT/speakez/KDS/speakez-try2/Static_Code/PDD" -I"C:/Users/lycarter/Documents/MIT/speakez/KDS/speakez-try2/Static_Code/IO_Map" -I"C:/Users/lycarter/Documents/MIT/speakez/KDS/speakez-try2/Sources" -I"C:/Users/lycarter/Documents/MIT/speakez/KDS/speakez-try2/Generated_Code" -std=c99 -MMD -MP -MF"Generated_Code/PE_LDD.d" -MT"Generated_Code/PE_LDD.o" -c -o "Generated_Code/PE_LDD.o" "../Generated_Code/PE_LDD.c"
Finished building: ../Generated_Code/PE_LDD.c
 
Building file: ../Generated_Code/PTC.c
Invoking: Cross ARM C Compiler
arm-none-eabi-gcc -mcpu=cortex-m4 -mthumb -O0 -fmessage-length=0 -fsigned-char -ffunction-sections -fdata-sections  -g3 -I"C:/Users/lycarter/Documents/MIT/speakez/KDS/speakez-try2/Static_Code/PDD" -I"C:/Users/lycarter/Documents/MIT/speakez/KDS/speakez-try2/Static_Code/IO_Map" -I"C:/Users/lycarter/Documents/MIT/speakez/KDS/speakez-try2/Sources" -I"C:/Users/lycarter/Documents/MIT/speakez/KDS/speakez-try2/Generated_Code" -std=c99 -MMD -MP -MF"Generated_Code/PTC.d" -MT"Generated_Code/PTC.o" -c -o "Generated_Code/PTC.o" "../Generated_Code/PTC.c"
Finished building: ../Generated_Code/PTC.c
 
Building file: ../Generated_Code/Vectors.c
Invoking: Cross ARM C Compiler
arm-none-eabi-gcc -mcpu=cortex-m4 -mthumb -O0 -fmessage-length=0 -fsigned-char -ffunction-sections -fdata-sections  -g3 -I"C:/Users/lycarter/Documents/MIT/speakez/KDS/speakez-try2/Static_Code/PDD" -I"C:/Users/lycarter/Documents/MIT/speakez/KDS/speakez-try2/Static_Code/IO_Map" -I"C:/Users/lycarter/Documents/MIT/speakez/KDS/speakez-try2/Sources" -I"C:/Users/lycarter/Documents/MIT/speakez/KDS/speakez-try2/Generated_Code" -std=c99 -MMD -MP -MF"Generated_Code/Vectors.d" -MT"Generated_Code/Vectors.o" -c -o "Generated_Code/Vectors.o" "../Generated_Code/Vectors.c"
Finished building: ../Generated_Code/Vectors.c
 
Building target: speakez-try2.elf
Invoking: Cross ARM C++ Linker
arm-none-eabi-g++ -mcpu=cortex-m4 -mthumb -O0 -fmessage-length=0 -fsigned-char -ffunction-sections -fdata-sections  -g3 -T "C:/Users/lycarter/Documents/MIT/speakez/KDS/speakez-try2/Project_Settings/Linker_Files/ProcessorExpert.ld" -Xlinker --gc-sections -L"C:/Users/lycarter/Documents/MIT/speakez/KDS/speakez-try2/Project_Settings/Linker_Files" -Wl,-Map,"speakez-try2.map" -specs=nano.specs -specs=nosys.specs -o "speakez-try2.elf"  ./Sources/Events.o ./Sources/main.o  ./Project_Settings/Startup_Code/startup.o  ./Generated_Code/Cpu.o ./Generated_Code/PE_LDD.o ./Generated_Code/PTC.o ./Generated_Code/Vectors.o   
Finished building target: speakez-try2.elf
 
02:36:05 **** Incremental Build of configuration Debug for project speakez-try2 ****
make all 
make: Nothing to be done for 'all'.
02:52:29 **** Incremental Build of configuration Debug for project speakez-try2 ****
make all 
Building file: ../Sources/Events.c
Invoking: Cross ARM C Compiler
arm-none-eabi-gcc -mcpu=cortex-m4 -mthumb -O0 -fmessage-length=0 -fsigned-char -ffunction-sections -fdata-sections  -g3 -I"C:/Users/lycarter/Documents/MIT/speakez/KDS/speakez-try2/Static_Code/PDD" -I"C:/Users/lycarter/Documents/MIT/speakez/KDS/speakez-try2/Static_Code/IO_Map" -I"C:/Users/lycarter/Documents/MIT/speakez/KDS/speakez-try2/Sources" -I"C:/Users/lycarter/Documents/MIT/speakez/KDS/speakez-try2/Generated_Code" -std=c99 -MMD -MP -MF"Sources/Events.d" -MT"Sources/Events.o" -c -o "Sources/Events.o" "../Sources/Events.c"
Finished building: ../Sources/Events.c
 
Building file: ../Sources/main.c
Invoking: Cross ARM C Compiler
arm-none-eabi-gcc -mcpu=cortex-m4 -mthumb -O0 -fmessage-length=0 -fsigned-char -ffunction-sections -fdata-sections  -g3 -I"C:/Users/lycarter/Documents/MIT/speakez/KDS/speakez-try2/Static_Code/PDD" -I"C:/Users/lycarter/Documents/MIT/speakez/KDS/speakez-try2/Static_Code/IO_Map" -I"C:/Users/lycarter/Documents/MIT/speakez/KDS/speakez-try2/Sources" -I"C:/Users/lycarter/Documents/MIT/speakez/KDS/speakez-try2/Generated_Code" -std=c99 -MMD -MP -MF"Sources/main.d" -MT"Sources/main.o" -c -o "Sources/main.o" "../Sources/main.c"
Finished building: ../Sources/main.c
 
Building file: ../Generated_Code/Cpu.c
Invoking: Cross ARM C Compiler
arm-none-eabi-gcc -mcpu=cortex-m4 -mthumb -O0 -fmessage-length=0 -fsigned-char -ffunction-sections -fdata-sections  -g3 -I"C:/Users/lycarter/Documents/MIT/speakez/KDS/speakez-try2/Static_Code/PDD" -I"C:/Users/lycarter/Documents/MIT/speakez/KDS/speakez-try2/Static_Code/IO_Map" -I"C:/Users/lycarter/Documents/MIT/speakez/KDS/speakez-try2/Sources" -I"C:/Users/lycarter/Documents/MIT/speakez/KDS/speakez-try2/Generated_Code" -std=c99 -MMD -MP -MF"Generated_Code/Cpu.d" -MT"Generated_Code/Cpu.o" -c -o "Generated_Code/Cpu.o" "../Generated_Code/Cpu.c"
Finished building: ../Generated_Code/Cpu.c
 
Building file: ../Generated_Code/PE_LDD.c
Invoking: Cross ARM C Compiler
arm-none-eabi-gcc -mcpu=cortex-m4 -mthumb -O0 -fmessage-length=0 -fsigned-char -ffunction-sections -fdata-sections  -g3 -I"C:/Users/lycarter/Documents/MIT/speakez/KDS/speakez-try2/Static_Code/PDD" -I"C:/Users/lycarter/Documents/MIT/speakez/KDS/speakez-try2/Static_Code/IO_Map" -I"C:/Users/lycarter/Documents/MIT/speakez/KDS/speakez-try2/Sources" -I"C:/Users/lycarter/Documents/MIT/speakez/KDS/speakez-try2/Generated_Code" -std=c99 -MMD -MP -MF"Generated_Code/PE_LDD.d" -MT"Generated_Code/PE_LDD.o" -c -o "Generated_Code/PE_LDD.o" "../Generated_Code/PE_LDD.c"
Finished building: ../Generated_Code/PE_LDD.c
 
Building file: ../Generated_Code/PTC.c
Invoking: Cross ARM C Compiler
arm-none-eabi-gcc -mcpu=cortex-m4 -mthumb -O0 -fmessage-length=0 -fsigned-char -ffunction-sections -fdata-sections  -g3 -I"C:/Users/lycarter/Documents/MIT/speakez/KDS/speakez-try2/Static_Code/PDD" -I"C:/Users/lycarter/Documents/MIT/speakez/KDS/speakez-try2/Static_Code/IO_Map" -I"C:/Users/lycarter/Documents/MIT/speakez/KDS/speakez-try2/Sources" -I"C:/Users/lycarter/Documents/MIT/speakez/KDS/speakez-try2/Generated_Code" -std=c99 -MMD -MP -MF"Generated_Code/PTC.d" -MT"Generated_Code/PTC.o" -c -o "Generated_Code/PTC.o" "../Generated_Code/PTC.c"
Finished building: ../Generated_Code/PTC.c
 
Building file: ../Generated_Code/Vectors.c
Invoking: Cross ARM C Compiler
arm-none-eabi-gcc -mcpu=cortex-m4 -mthumb -O0 -fmessage-length=0 -fsigned-char -ffunction-sections -fdata-sections  -g3 -I"C:/Users/lycarter/Documents/MIT/speakez/KDS/speakez-try2/Static_Code/PDD" -I"C:/Users/lycarter/Documents/MIT/speakez/KDS/speakez-try2/Static_Code/IO_Map" -I"C:/Users/lycarter/Documents/MIT/speakez/KDS/speakez-try2/Sources" -I"C:/Users/lycarter/Documents/MIT/speakez/KDS/speakez-try2/Generated_Code" -std=c99 -MMD -MP -MF"Generated_Code/Vectors.d" -MT"Generated_Code/Vectors.o" -c -o "Generated_Code/Vectors.o" "../Generated_Code/Vectors.c"
Finished building: ../Generated_Code/Vectors.c
 
Building target: speakez-try2.elf
Invoking: Cross ARM C++ Linker
arm-none-eabi-g++ -mcpu=cortex-m4 -mthumb -O0 -fmessage-length=0 -fsigned-char -ffunction-sections -fdata-sections  -g3 -T "C:/Users/lycarter/Documents/MIT/speakez/KDS/speakez-try2/Project_Settings/Linker_Files/ProcessorExpert.ld" -Xlinker --gc-sections -L"C:/Users/lycarter/Documents/MIT/speakez/KDS/speakez-try2/Project_Settings/Linker_Files" -Wl,-Map,"speakez-try2.map" -specs=nano.specs -specs=nosys.specs -o "speakez-try2.elf"  ./Sources/Events.o ./Sources/main.o  ./Project_Settings/Startup_Code/startup.o  ./Generated_Code/Cpu.o ./Generated_Code/PE_LDD.o ./Generated_Code/PTC.o ./Generated_Code/Vectors.o   
Finished building target: speakez-try2.elf
 
02:52:41 **** Incremental Build of configuration Debug for project speakez-try2 ****
make all 
make: Nothing to be done for 'all'.
02:54:59 **** Incremental Build of configuration Debug for project speakez-try2 ****
make all 
Building file: ../Sources/Events.c
Invoking: Cross ARM C Compiler
arm-none-eabi-gcc -mcpu=cortex-m4 -mthumb -O0 -fmessage-length=0 -fsigned-char -ffunction-sections -fdata-sections  -g3 -I"C:/Users/lycarter/Documents/MIT/speakez/KDS/speakez-try2/Static_Code/PDD" -I"C:/Users/lycarter/Documents/MIT/speakez/KDS/speakez-try2/Static_Code/IO_Map" -I"C:/Users/lycarter/Documents/MIT/speakez/KDS/speakez-try2/Sources" -I"C:/Users/lycarter/Documents/MIT/speakez/KDS/speakez-try2/Generated_Code" -std=c99 -MMD -MP -MF"Sources/Events.d" -MT"Sources/Events.o" -c -o "Sources/Events.o" "../Sources/Events.c"
Finished building: ../Sources/Events.c
 
Building file: ../Sources/main.c
Invoking: Cross ARM C Compiler
arm-none-eabi-gcc -mcpu=cortex-m4 -mthumb -O0 -fmessage-length=0 -fsigned-char -ffunction-sections -fdata-sections  -g3 -I"C:/Users/lycarter/Documents/MIT/speakez/KDS/speakez-try2/Static_Code/PDD" -I"C:/Users/lycarter/Documents/MIT/speakez/KDS/speakez-try2/Static_Code/IO_Map" -I"C:/Users/lycarter/Documents/MIT/speakez/KDS/speakez-try2/Sources" -I"C:/Users/lycarter/Documents/MIT/speakez/KDS/speakez-try2/Generated_Code" -std=c99 -MMD -MP -MF"Sources/main.d" -MT"Sources/main.o" -c -o "Sources/main.o" "../Sources/main.c"
Finished building: ../Sources/main.c
 
Building file: ../Generated_Code/Cpu.c
Invoking: Cross ARM C Compiler
arm-none-eabi-gcc -mcpu=cortex-m4 -mthumb -O0 -fmessage-length=0 -fsigned-char -ffunction-sections -fdata-sections  -g3 -I"C:/Users/lycarter/Documents/MIT/speakez/KDS/speakez-try2/Static_Code/PDD" -I"C:/Users/lycarter/Documents/MIT/speakez/KDS/speakez-try2/Static_Code/IO_Map" -I"C:/Users/lycarter/Documents/MIT/speakez/KDS/speakez-try2/Sources" -I"C:/Users/lycarter/Documents/MIT/speakez/KDS/speakez-try2/Generated_Code" -std=c99 -MMD -MP -MF"Generated_Code/Cpu.d" -MT"Generated_Code/Cpu.o" -c -o "Generated_Code/Cpu.o" "../Generated_Code/Cpu.c"
Finished building: ../Generated_Code/Cpu.c
 
Building file: ../Generated_Code/PE_LDD.c
Invoking: Cross ARM C Compiler
arm-none-eabi-gcc -mcpu=cortex-m4 -mthumb -O0 -fmessage-length=0 -fsigned-char -ffunction-sections -fdata-sections  -g3 -I"C:/Users/lycarter/Documents/MIT/speakez/KDS/speakez-try2/Static_Code/PDD" -I"C:/Users/lycarter/Documents/MIT/speakez/KDS/speakez-try2/Static_Code/IO_Map" -I"C:/Users/lycarter/Documents/MIT/speakez/KDS/speakez-try2/Sources" -I"C:/Users/lycarter/Documents/MIT/speakez/KDS/speakez-try2/Generated_Code" -std=c99 -MMD -MP -MF"Generated_Code/PE_LDD.d" -MT"Generated_Code/PE_LDD.o" -c -o "Generated_Code/PE_LDD.o" "../Generated_Code/PE_LDD.c"
Finished building: ../Generated_Code/PE_LDD.c
 
Building file: ../Generated_Code/PTC.c
Invoking: Cross ARM C Compiler
arm-none-eabi-gcc -mcpu=cortex-m4 -mthumb -O0 -fmessage-length=0 -fsigned-char -ffunction-sections -fdata-sections  -g3 -I"C:/Users/lycarter/Documents/MIT/speakez/KDS/speakez-try2/Static_Code/PDD" -I"C:/Users/lycarter/Documents/MIT/speakez/KDS/speakez-try2/Static_Code/IO_Map" -I"C:/Users/lycarter/Documents/MIT/speakez/KDS/speakez-try2/Sources" -I"C:/Users/lycarter/Documents/MIT/speakez/KDS/speakez-try2/Generated_Code" -std=c99 -MMD -MP -MF"Generated_Code/PTC.d" -MT"Generated_Code/PTC.o" -c -o "Generated_Code/PTC.o" "../Generated_Code/PTC.c"
Finished building: ../Generated_Code/PTC.c
 
Building file: ../Generated_Code/Vectors.c
Invoking: Cross ARM C Compiler
arm-none-eabi-gcc -mcpu=cortex-m4 -mthumb -O0 -fmessage-length=0 -fsigned-char -ffunction-sections -fdata-sections  -g3 -I"C:/Users/lycarter/Documents/MIT/speakez/KDS/speakez-try2/Static_Code/PDD" -I"C:/Users/lycarter/Documents/MIT/speakez/KDS/speakez-try2/Static_Code/IO_Map" -I"C:/Users/lycarter/Documents/MIT/speakez/KDS/speakez-try2/Sources" -I"C:/Users/lycarter/Documents/MIT/speakez/KDS/speakez-try2/Generated_Code" -std=c99 -MMD -MP -MF"Generated_Code/Vectors.d" -MT"Generated_Code/Vectors.o" -c -o "Generated_Code/Vectors.o" "../Generated_Code/Vectors.c"
Finished building: ../Generated_Code/Vectors.c
 
Building target: speakez-try2.elf
Invoking: Cross ARM C++ Linker
arm-none-eabi-g++ -mcpu=cortex-m4 -mthumb -O0 -fmessage-length=0 -fsigned-char -ffunction-sections -fdata-sections  -g3 -T "C:/Users/lycarter/Documents/MIT/speakez/KDS/speakez-try2/Project_Settings/Linker_Files/ProcessorExpert.ld" -Xlinker --gc-sections -L"C:/Users/lycarter/Documents/MIT/speakez/KDS/speakez-try2/Project_Settings/Linker_Files" -Wl,-Map,"speakez-try2.map" -specs=nano.specs -specs=nosys.specs -o "speakez-try2.elf"  ./Sources/Events.o ./Sources/main.o  ./Project_Settings/Startup_Code/startup.o  ./Generated_Code/Cpu.o ./Generated_Code/PE_LDD.o ./Generated_Code/PTC.o ./Generated_Code/Vectors.o   
Finished building target: speakez-try2.elf
 
02:55:09 **** Incremental Build of configuration Debug for project speakez-try2 ****
make all 
make: Nothing to be done for 'all'.
02:57:22 **** Incremental Build of configuration Debug for project speakez-try2 ****
make all 
Building file: ../Sources/main.c
Invoking: Cross ARM C Compiler
arm-none-eabi-gcc -mcpu=cortex-m4 -mthumb -O0 -fmessage-length=0 -fsigned-char -ffunction-sections -fdata-sections  -g3 -I"C:/Users/lycarter/Documents/MIT/speakez/KDS/speakez-try2/Static_Code/PDD" -I"C:/Users/lycarter/Documents/MIT/speakez/KDS/speakez-try2/Static_Code/IO_Map" -I"C:/Users/lycarter/Documents/MIT/speakez/KDS/speakez-try2/Sources" -I"C:/Users/lycarter/Documents/MIT/speakez/KDS/speakez-try2/Generated_Code" -std=c99 -MMD -MP -MF"Sources/main.d" -MT"Sources/main.o" -c -o "Sources/main.o" "../Sources/main.c"
../Sources/main.c: In function 'main':
../Sources/main.c:58:3: error: expected ';' before '}' token
   }
   ^
Sources/subdir.mk:21: recipe for target 'Sources/main.o' failed
make: *** [Sources/main.o] Error 1
02:57:30 **** Incremental Build of configuration Debug for project speakez-try2 ****
make all 
Building file: ../Sources/main.c
Invoking: Cross ARM C Compiler
arm-none-eabi-gcc -mcpu=cortex-m4 -mthumb -O0 -fmessage-length=0 -fsigned-char -ffunction-sections -fdata-sections  -g3 -I"C:/Users/lycarter/Documents/MIT/speakez/KDS/speakez-try2/Static_Code/PDD" -I"C:/Users/lycarter/Documents/MIT/speakez/KDS/speakez-try2/Static_Code/IO_Map" -I"C:/Users/lycarter/Documents/MIT/speakez/KDS/speakez-try2/Sources" -I"C:/Users/lycarter/Documents/MIT/speakez/KDS/speakez-try2/Generated_Code" -std=c99 -MMD -MP -MF"Sources/main.d" -MT"Sources/main.o" -c -o "Sources/main.o" "../Sources/main.c"
Finished building: ../Sources/main.c
 
Building target: speakez-try2.elf
Invoking: Cross ARM C++ Linker
arm-none-eabi-g++ -mcpu=cortex-m4 -mthumb -O0 -fmessage-length=0 -fsigned-char -ffunction-sections -fdata-sections  -g3 -T "C:/Users/lycarter/Documents/MIT/speakez/KDS/speakez-try2/Project_Settings/Linker_Files/ProcessorExpert.ld" -Xlinker --gc-sections -L"C:/Users/lycarter/Documents/MIT/speakez/KDS/speakez-try2/Project_Settings/Linker_Files" -Wl,-Map,"speakez-try2.map" -specs=nano.specs -specs=nosys.specs -o "speakez-try2.elf"  ./Sources/Events.o ./Sources/main.o  ./Project_Settings/Startup_Code/startup.o  ./Generated_Code/Cpu.o ./Generated_Code/PE_LDD.o ./Generated_Code/PTC.o ./Generated_Code/Vectors.o   
Finished building target: speakez-try2.elf
 
02:57:47 **** Incremental Build of configuration Debug for project speakez-try2 ****
make all 
make: Nothing to be done for 'all'.
03:00:10 **** Incremental Build of configuration Debug for project speakez-try2 ****
make all 
Building file: ../Sources/Events.c
Invoking: Cross ARM C Compiler
arm-none-eabi-gcc -mcpu=cortex-m4 -mthumb -O0 -fmessage-length=0 -fsigned-char -ffunction-sections -fdata-sections  -g3 -I"C:/Users/lycarter/Documents/MIT/speakez/KDS/speakez-try2/Static_Code/PDD" -I"C:/Users/lycarter/Documents/MIT/speakez/KDS/speakez-try2/Static_Code/IO_Map" -I"C:/Users/lycarter/Documents/MIT/speakez/KDS/speakez-try2/Sources" -I"C:/Users/lycarter/Documents/MIT/speakez/KDS/speakez-try2/Generated_Code" -std=c99 -MMD -MP -MF"Sources/Events.d" -MT"Sources/Events.o" -c -o "Sources/Events.o" "../Sources/Events.c"
Finished building: ../Sources/Events.c
 
Building file: ../Sources/main.c
Invoking: Cross ARM C Compiler
arm-none-eabi-gcc -mcpu=cortex-m4 -mthumb -O0 -fmessage-length=0 -fsigned-char -ffunction-sections -fdata-sections  -g3 -I"C:/Users/lycarter/Documents/MIT/speakez/KDS/speakez-try2/Static_Code/PDD" -I"C:/Users/lycarter/Documents/MIT/speakez/KDS/speakez-try2/Static_Code/IO_Map" -I"C:/Users/lycarter/Documents/MIT/speakez/KDS/speakez-try2/Sources" -I"C:/Users/lycarter/Documents/MIT/speakez/KDS/speakez-try2/Generated_Code" -std=c99 -MMD -MP -MF"Sources/main.d" -MT"Sources/main.o" -c -o "Sources/main.o" "../Sources/main.c"
Finished building: ../Sources/main.c
 
Building file: ../Generated_Code/Cpu.c
Invoking: Cross ARM C Compiler
arm-none-eabi-gcc -mcpu=cortex-m4 -mthumb -O0 -fmessage-length=0 -fsigned-char -ffunction-sections -fdata-sections  -g3 -I"C:/Users/lycarter/Documents/MIT/speakez/KDS/speakez-try2/Static_Code/PDD" -I"C:/Users/lycarter/Documents/MIT/speakez/KDS/speakez-try2/Static_Code/IO_Map" -I"C:/Users/lycarter/Documents/MIT/speakez/KDS/speakez-try2/Sources" -I"C:/Users/lycarter/Documents/MIT/speakez/KDS/speakez-try2/Generated_Code" -std=c99 -MMD -MP -MF"Generated_Code/Cpu.d" -MT"Generated_Code/Cpu.o" -c -o "Generated_Code/Cpu.o" "../Generated_Code/Cpu.c"
Finished building: ../Generated_Code/Cpu.c
 
Building file: ../Generated_Code/PE_LDD.c
Invoking: Cross ARM C Compiler
arm-none-eabi-gcc -mcpu=cortex-m4 -mthumb -O0 -fmessage-length=0 -fsigned-char -ffunction-sections -fdata-sections  -g3 -I"C:/Users/lycarter/Documents/MIT/speakez/KDS/speakez-try2/Static_Code/PDD" -I"C:/Users/lycarter/Documents/MIT/speakez/KDS/speakez-try2/Static_Code/IO_Map" -I"C:/Users/lycarter/Documents/MIT/speakez/KDS/speakez-try2/Sources" -I"C:/Users/lycarter/Documents/MIT/speakez/KDS/speakez-try2/Generated_Code" -std=c99 -MMD -MP -MF"Generated_Code/PE_LDD.d" -MT"Generated_Code/PE_LDD.o" -c -o "Generated_Code/PE_LDD.o" "../Generated_Code/PE_LDD.c"
Finished building: ../Generated_Code/PE_LDD.c
 
Building file: ../Generated_Code/PTC.c
Invoking: Cross ARM C Compiler
arm-none-eabi-gcc -mcpu=cortex-m4 -mthumb -O0 -fmessage-length=0 -fsigned-char -ffunction-sections -fdata-sections  -g3 -I"C:/Users/lycarter/Documents/MIT/speakez/KDS/speakez-try2/Static_Code/PDD" -I"C:/Users/lycarter/Documents/MIT/speakez/KDS/speakez-try2/Static_Code/IO_Map" -I"C:/Users/lycarter/Documents/MIT/speakez/KDS/speakez-try2/Sources" -I"C:/Users/lycarter/Documents/MIT/speakez/KDS/speakez-try2/Generated_Code" -std=c99 -MMD -MP -MF"Generated_Code/PTC.d" -MT"Generated_Code/PTC.o" -c -o "Generated_Code/PTC.o" "../Generated_Code/PTC.c"
Finished building: ../Generated_Code/PTC.c
 
Building file: ../Generated_Code/Vectors.c
Invoking: Cross ARM C Compiler
arm-none-eabi-gcc -mcpu=cortex-m4 -mthumb -O0 -fmessage-length=0 -fsigned-char -ffunction-sections -fdata-sections  -g3 -I"C:/Users/lycarter/Documents/MIT/speakez/KDS/speakez-try2/Static_Code/PDD" -I"C:/Users/lycarter/Documents/MIT/speakez/KDS/speakez-try2/Static_Code/IO_Map" -I"C:/Users/lycarter/Documents/MIT/speakez/KDS/speakez-try2/Sources" -I"C:/Users/lycarter/Documents/MIT/speakez/KDS/speakez-try2/Generated_Code" -std=c99 -MMD -MP -MF"Generated_Code/Vectors.d" -MT"Generated_Code/Vectors.o" -c -o "Generated_Code/Vectors.o" "../Generated_Code/Vectors.c"
Finished building: ../Generated_Code/Vectors.c
 
Building target: speakez-try2.elf
Invoking: Cross ARM C++ Linker
arm-none-eabi-g++ -mcpu=cortex-m4 -mthumb -O0 -fmessage-length=0 -fsigned-char -ffunction-sections -fdata-sections  -g3 -T "C:/Users/lycarter/Documents/MIT/speakez/KDS/speakez-try2/Project_Settings/Linker_Files/ProcessorExpert.ld" -Xlinker --gc-sections -L"C:/Users/lycarter/Documents/MIT/speakez/KDS/speakez-try2/Project_Settings/Linker_Files" -Wl,-Map,"speakez-try2.map" -specs=nano.specs -specs=nosys.specs -o "speakez-try2.elf"  ./Sources/Events.o ./Sources/main.o  ./Project_Settings/Startup_Code/startup.o  ./Generated_Code/Cpu.o ./Generated_Code/PE_LDD.o ./Generated_Code/PTC.o ./Generated_Code/Vectors.o   
Finished building target: speakez-try2.elf
 
03:00:44 **** Incremental Build of configuration Debug for project speakez-try2 ****
make all 
make: Nothing to be done for 'all'.
03:01:56 **** Incremental Build of configuration Debug for project speakez-try2 ****
make all 
Building file: ../Sources/main.c
Invoking: Cross ARM C Compiler
arm-none-eabi-gcc -mcpu=cortex-m4 -mthumb -O0 -fmessage-length=0 -fsigned-char -ffunction-sections -fdata-sections  -g3 -I"C:/Users/lycarter/Documents/MIT/speakez/KDS/speakez-try2/Static_Code/PDD" -I"C:/Users/lycarter/Documents/MIT/speakez/KDS/speakez-try2/Static_Code/IO_Map" -I"C:/Users/lycarter/Documents/MIT/speakez/KDS/speakez-try2/Sources" -I"C:/Users/lycarter/Documents/MIT/speakez/KDS/speakez-try2/Generated_Code" -std=c99 -MMD -MP -MF"Sources/main.d" -MT"Sources/main.o" -c -o "Sources/main.o" "../Sources/main.c"
Finished building: ../Sources/main.c
 
Building target: speakez-try2.elf
Invoking: Cross ARM C++ Linker
arm-none-eabi-g++ -mcpu=cortex-m4 -mthumb -O0 -fmessage-length=0 -fsigned-char -ffunction-sections -fdata-sections  -g3 -T "C:/Users/lycarter/Documents/MIT/speakez/KDS/speakez-try2/Project_Settings/Linker_Files/ProcessorExpert.ld" -Xlinker --gc-sections -L"C:/Users/lycarter/Documents/MIT/speakez/KDS/speakez-try2/Project_Settings/Linker_Files" -Wl,-Map,"speakez-try2.map" -specs=nano.specs -specs=nosys.specs -o "speakez-try2.elf"  ./Sources/Events.o ./Sources/main.o  ./Project_Settings/Startup_Code/startup.o  ./Generated_Code/Cpu.o ./Generated_Code/PE_LDD.o ./Generated_Code/PTC.o ./Generated_Code/Vectors.o   
Finished building target: speakez-try2.elf
 
03:02:07 **** Incremental Build of configuration Debug for project speakez-try2 ****
make all 
make: Nothing to be done for 'all'.
03:11:43 **** Incremental Build of configuration Debug for project speakez-try2 ****
make all 
Building file: ../Sources/Events.c
Invoking: Cross ARM C Compiler
arm-none-eabi-gcc -mcpu=cortex-m4 -mthumb -O0 -fmessage-length=0 -fsigned-char -ffunction-sections -fdata-sections  -g3 -I"C:/Users/lycarter/Documents/MIT/speakez/KDS/speakez-try2/Static_Code/PDD" -I"C:/Users/lycarter/Documents/MIT/speakez/KDS/speakez-try2/Static_Code/IO_Map" -I"C:/Users/lycarter/Documents/MIT/speakez/KDS/speakez-try2/Sources" -I"C:/Users/lycarter/Documents/MIT/speakez/KDS/speakez-try2/Generated_Code" -std=c99 -MMD -MP -MF"Sources/Events.d" -MT"Sources/Events.o" -c -o "Sources/Events.o" "../Sources/Events.c"
Finished building: ../Sources/Events.c
 
Building file: ../Generated_Code/PE_LDD.c
Invoking: Cross ARM C Compiler
arm-none-eabi-gcc -mcpu=cortex-m4 -mthumb -O0 -fmessage-length=0 -fsigned-char -ffunction-sections -fdata-sections  -g3 -I"C:/Users/lycarter/Documents/MIT/speakez/KDS/speakez-try2/Static_Code/PDD" -I"C:/Users/lycarter/Documents/MIT/speakez/KDS/speakez-try2/Static_Code/IO_Map" -I"C:/Users/lycarter/Documents/MIT/speakez/KDS/speakez-try2/Sources" -I"C:/Users/lycarter/Documents/MIT/speakez/KDS/speakez-try2/Generated_Code" -std=c99 -MMD -MP -MF"Generated_Code/PE_LDD.d" -MT"Generated_Code/PE_LDD.o" -c -o "Generated_Code/PE_LDD.o" "../Generated_Code/PE_LDD.c"
Finished building: ../Generated_Code/PE_LDD.c
 
Building file: ../Generated_Code/Vectors.c
Invoking: Cross ARM C Compiler
arm-none-eabi-gcc -mcpu=cortex-m4 -mthumb -O0 -fmessage-length=0 -fsigned-char -ffunction-sections -fdata-sections  -g3 -I"C:/Users/lycarter/Documents/MIT/speakez/KDS/speakez-try2/Static_Code/PDD" -I"C:/Users/lycarter/Documents/MIT/speakez/KDS/speakez-try2/Static_Code/IO_Map" -I"C:/Users/lycarter/Documents/MIT/speakez/KDS/speakez-try2/Sources" -I"C:/Users/lycarter/Documents/MIT/speakez/KDS/speakez-try2/Generated_Code" -std=c99 -MMD -MP -MF"Generated_Code/Vectors.d" -MT"Generated_Code/Vectors.o" -c -o "Generated_Code/Vectors.o" "../Generated_Code/Vectors.c"
Finished building: ../Generated_Code/Vectors.c
 
Building file: ../Sources/main.c
Invoking: Cross ARM C Compiler
arm-none-eabi-gcc -mcpu=cortex-m4 -mthumb -O0 -fmessage-length=0 -fsigned-char -ffunction-sections -fdata-sections  -g3 -I"C:/Users/lycarter/Documents/MIT/speakez/KDS/speakez-try2/Static_Code/PDD" -I"C:/Users/lycarter/Documents/MIT/speakez/KDS/speakez-try2/Static_Code/IO_Map" -I"C:/Users/lycarter/Documents/MIT/speakez/KDS/speakez-try2/Sources" -I"C:/Users/lycarter/Documents/MIT/speakez/KDS/speakez-try2/Generated_Code" -std=c99 -MMD -MP -MF"Sources/main.d" -MT"Sources/main.o" -c -o "Sources/main.o" "../Sources/main.c"
Finished building: ../Sources/main.c
 
Building file: ../Generated_Code/Cpu.c
Invoking: Cross ARM C Compiler
arm-none-eabi-gcc -mcpu=cortex-m4 -mthumb -O0 -fmessage-length=0 -fsigned-char -ffunction-sections -fdata-sections  -g3 -I"C:/Users/lycarter/Documents/MIT/speakez/KDS/speakez-try2/Static_Code/PDD" -I"C:/Users/lycarter/Documents/MIT/speakez/KDS/speakez-try2/Static_Code/IO_Map" -I"C:/Users/lycarter/Documents/MIT/speakez/KDS/speakez-try2/Sources" -I"C:/Users/lycarter/Documents/MIT/speakez/KDS/speakez-try2/Generated_Code" -std=c99 -MMD -MP -MF"Generated_Code/Cpu.d" -MT"Generated_Code/Cpu.o" -c -o "Generated_Code/Cpu.o" "../Generated_Code/Cpu.c"
Finished building: ../Generated_Code/Cpu.c
 
Building file: ../Generated_Code/PTC.c
Invoking: Cross ARM C Compiler
arm-none-eabi-gcc -mcpu=cortex-m4 -mthumb -O0 -fmessage-length=0 -fsigned-char -ffunction-sections -fdata-sections  -g3 -I"C:/Users/lycarter/Documents/MIT/speakez/KDS/speakez-try2/Static_Code/PDD" -I"C:/Users/lycarter/Documents/MIT/speakez/KDS/speakez-try2/Static_Code/IO_Map" -I"C:/Users/lycarter/Documents/MIT/speakez/KDS/speakez-try2/Sources" -I"C:/Users/lycarter/Documents/MIT/speakez/KDS/speakez-try2/Generated_Code" -std=c99 -MMD -MP -MF"Generated_Code/PTC.d" -MT"Generated_Code/PTC.o" -c -o "Generated_Code/PTC.o" "../Generated_Code/PTC.c"
Finished building: ../Generated_Code/PTC.c
 
Building target: speakez-try2.elf
Invoking: Cross ARM C++ Linker
arm-none-eabi-g++ -mcpu=cortex-m4 -mthumb -O0 -fmessage-length=0 -fsigned-char -ffunction-sections -fdata-sections  -g3 -T "C:/Users/lycarter/Documents/MIT/speakez/KDS/speakez-try2/Project_Settings/Linker_Files/ProcessorExpert.ld" -Xlinker --gc-sections -L"C:/Users/lycarter/Documents/MIT/speakez/KDS/speakez-try2/Project_Settings/Linker_Files" -Wl,-Map,"speakez-try2.map" -specs=nano.specs -specs=nosys.specs -o "speakez-try2.elf"  ./Sources/Events.o ./Sources/main.o  ./Project_Settings/Startup_Code/startup.o  ./Generated_Code/Cpu.o ./Generated_Code/PE_LDD.o ./Generated_Code/PTC.o ./Generated_Code/Vectors.o   
Finished building target: speakez-try2.elf
 
03:11:56 **** Incremental Build of configuration Debug for project speakez-try2 ****
make all 
make: Nothing to be done for 'all'.
03:16:14 **** Incremental Build of configuration Debug for project speakez-try2 ****
make all 
Building file: ../Sources/Events.c
Invoking: Cross ARM C Compiler
arm-none-eabi-gcc -mcpu=cortex-m4 -mthumb -O0 -fmessage-length=0 -fsigned-char -ffunction-sections -fdata-sections  -g3 -I"C:/Users/lycarter/Documents/MIT/speakez/KDS/speakez-try2/Static_Code/PDD" -I"C:/Users/lycarter/Documents/MIT/speakez/KDS/speakez-try2/Static_Code/IO_Map" -I"C:/Users/lycarter/Documents/MIT/speakez/KDS/speakez-try2/Sources" -I"C:/Users/lycarter/Documents/MIT/speakez/KDS/speakez-try2/Generated_Code" -std=c99 -MMD -MP -MF"Sources/Events.d" -MT"Sources/Events.o" -c -o "Sources/Events.o" "../Sources/Events.c"
Finished building: ../Sources/Events.c
 
Building file: ../Generated_Code/PE_LDD.c
Invoking: Cross ARM C Compiler
arm-none-eabi-gcc -mcpu=cortex-m4 -mthumb -O0 -fmessage-length=0 -fsigned-char -ffunction-sections -fdata-sections  -g3 -I"C:/Users/lycarter/Documents/MIT/speakez/KDS/speakez-try2/Static_Code/PDD" -I"C:/Users/lycarter/Documents/MIT/speakez/KDS/speakez-try2/Static_Code/IO_Map" -I"C:/Users/lycarter/Documents/MIT/speakez/KDS/speakez-try2/Sources" -I"C:/Users/lycarter/Documents/MIT/speakez/KDS/speakez-try2/Generated_Code" -std=c99 -MMD -MP -MF"Generated_Code/PE_LDD.d" -MT"Generated_Code/PE_LDD.o" -c -o "Generated_Code/PE_LDD.o" "../Generated_Code/PE_LDD.c"
Finished building: ../Generated_Code/PE_LDD.c
 
Building file: ../Generated_Code/Vectors.c
Invoking: Cross ARM C Compiler
arm-none-eabi-gcc -mcpu=cortex-m4 -mthumb -O0 -fmessage-length=0 -fsigned-char -ffunction-sections -fdata-sections  -g3 -I"C:/Users/lycarter/Documents/MIT/speakez/KDS/speakez-try2/Static_Code/PDD" -I"C:/Users/lycarter/Documents/MIT/speakez/KDS/speakez-try2/Static_Code/IO_Map" -I"C:/Users/lycarter/Documents/MIT/speakez/KDS/speakez-try2/Sources" -I"C:/Users/lycarter/Documents/MIT/speakez/KDS/speakez-try2/Generated_Code" -std=c99 -MMD -MP -MF"Generated_Code/Vectors.d" -MT"Generated_Code/Vectors.o" -c -o "Generated_Code/Vectors.o" "../Generated_Code/Vectors.c"
Finished building: ../Generated_Code/Vectors.c
 
Building file: ../Sources/main.c
Invoking: Cross ARM C Compiler
arm-none-eabi-gcc -mcpu=cortex-m4 -mthumb -O0 -fmessage-length=0 -fsigned-char -ffunction-sections -fdata-sections  -g3 -I"C:/Users/lycarter/Documents/MIT/speakez/KDS/speakez-try2/Static_Code/PDD" -I"C:/Users/lycarter/Documents/MIT/speakez/KDS/speakez-try2/Static_Code/IO_Map" -I"C:/Users/lycarter/Documents/MIT/speakez/KDS/speakez-try2/Sources" -I"C:/Users/lycarter/Documents/MIT/speakez/KDS/speakez-try2/Generated_Code" -std=c99 -MMD -MP -MF"Sources/main.d" -MT"Sources/main.o" -c -o "Sources/main.o" "../Sources/main.c"
Finished building: ../Sources/main.c
 
Building file: ../Generated_Code/Cpu.c
Invoking: Cross ARM C Compiler
arm-none-eabi-gcc -mcpu=cortex-m4 -mthumb -O0 -fmessage-length=0 -fsigned-char -ffunction-sections -fdata-sections  -g3 -I"C:/Users/lycarter/Documents/MIT/speakez/KDS/speakez-try2/Static_Code/PDD" -I"C:/Users/lycarter/Documents/MIT/speakez/KDS/speakez-try2/Static_Code/IO_Map" -I"C:/Users/lycarter/Documents/MIT/speakez/KDS/speakez-try2/Sources" -I"C:/Users/lycarter/Documents/MIT/speakez/KDS/speakez-try2/Generated_Code" -std=c99 -MMD -MP -MF"Generated_Code/Cpu.d" -MT"Generated_Code/Cpu.o" -c -o "Generated_Code/Cpu.o" "../Generated_Code/Cpu.c"
Finished building: ../Generated_Code/Cpu.c
 
Building file: ../Generated_Code/PTC.c
Invoking: Cross ARM C Compiler
arm-none-eabi-gcc -mcpu=cortex-m4 -mthumb -O0 -fmessage-length=0 -fsigned-char -ffunction-sections -fdata-sections  -g3 -I"C:/Users/lycarter/Documents/MIT/speakez/KDS/speakez-try2/Static_Code/PDD" -I"C:/Users/lycarter/Documents/MIT/speakez/KDS/speakez-try2/Static_Code/IO_Map" -I"C:/Users/lycarter/Documents/MIT/speakez/KDS/speakez-try2/Sources" -I"C:/Users/lycarter/Documents/MIT/speakez/KDS/speakez-try2/Generated_Code" -std=c99 -MMD -MP -MF"Generated_Code/PTC.d" -MT"Generated_Code/PTC.o" -c -o "Generated_Code/PTC.o" "../Generated_Code/PTC.c"
Finished building: ../Generated_Code/PTC.c
 
Building target: speakez-try2.elf
Invoking: Cross ARM C++ Linker
arm-none-eabi-g++ -mcpu=cortex-m4 -mthumb -O0 -fmessage-length=0 -fsigned-char -ffunction-sections -fdata-sections  -g3 -T "C:/Users/lycarter/Documents/MIT/speakez/KDS/speakez-try2/Project_Settings/Linker_Files/ProcessorExpert.ld" -Xlinker --gc-sections -L"C:/Users/lycarter/Documents/MIT/speakez/KDS/speakez-try2/Project_Settings/Linker_Files" -Wl,-Map,"speakez-try2.map" -specs=nano.specs -specs=nosys.specs -o "speakez-try2.elf"  ./Sources/Events.o ./Sources/main.o  ./Project_Settings/Startup_Code/startup.o  ./Generated_Code/Cpu.o ./Generated_Code/PE_LDD.o ./Generated_Code/PTC.o ./Generated_Code/Vectors.o   
Finished building target: speakez-try2.elf
 
03:16:27 **** Incremental Build of configuration Debug for project speakez-try2 ****
make all 
make: Nothing to be done for 'all'.
